===============================================================================
[15:28:34]  Init Environment...
[15:28:34] Initializing procedures
[15:28:34] Loading options...
[15:28:34] Loading Drive List...
[15:28:34] Loading Database...
[15:28:34] Loading API...

[15:28:34] SigmaAV: 
[15:28:34] Main DB : v0.10
[15:28:34] Build: 4 Juni 2009
[15:28:34] Virus known: 8497
===============================================================================

===============================================================================
===============================================================================
===============================================================================
[15:29:53]  Init Environment...
[15:29:53] Initializing procedures
[15:29:53] Loading options...
[15:29:53] Loading Drive List...
[15:29:53] Loading Database...
[15:29:54] Loading API...

[15:29:54] SigmaAV: 
[15:29:54] Main DB : v0.10
[15:29:54] Build: 4 Juni 2009
[15:29:54] Virus known: 8497
===============================================================================

===============================================================================
===============================================================================
[16:09:47]  Init Environment...
[16:09:47] Initializing procedures
[16:09:47] Loading options...
[16:09:48] Loading Drive List...
[16:09:48] Loading Database...
[16:09:48] Loading API...

[16:09:48] SigmaAV: 
[16:09:48] Main DB : v0.10
[16:09:48] Build: 4 Juni 2009
[16:09:48] Virus known: 8497
===============================================================================

===============================================================================
===============================================================================
[16:16:04]  Init Environment...
[16:16:04] Initializing procedures
[16:16:04] Loading options...
[16:16:04] Loading Drive List...
[16:16:04] Loading Database...
[16:16:05] Loading API...

[16:16:05] SigmaAV: 
[16:16:05] Main DB : v0.10
[16:16:05] Build: 4 Juni 2009
[16:16:05] Virus known: 8497
===============================================================================

===============================================================================
===============================================================================
[16:20:20]  Init Environment...
[16:20:20] Initializing procedures
[16:20:20] Loading options...
[16:20:20] Loading Drive List...
[16:20:20] Loading Database...
[16:20:20] Loading API...

[16:20:20] SigmaAV: 
[16:20:20] Main DB : v0.10
[16:20:20] Build: 4 Juni 2009
[16:20:20] Virus known: 8497
===============================================================================

===============================================================================
===============================================================================
[16:23:44]  Init Environment...
[16:23:45] Initializing procedures
[16:23:45] Loading options...
[16:23:45] Loading Drive List...
[16:23:45] Loading Database...
[16:23:45] Loading API...

[16:23:45] SigmaAV: 
[16:23:45] Main DB : v0.10
[16:23:45] Build: 4 Juni 2009
[16:23:45] Virus known: 8497
===============================================================================

===============================================================================
===============================================================================
[16:37:11]  Init Environment...
[16:37:11] Initializing procedures
[16:37:11] Loading options...
[16:37:11] Loading Drive List...
[16:37:11] Loading Database...
[16:37:11] Loading API...

[16:37:11] SigmaAV: 
[16:37:11] Main DB : v0.10
[16:37:11] Build: 4 Juni 2009
[16:37:11] Virus known: 8497
===============================================================================

===============================================================================
===============================================================================
[16:41:13]  Init Environment...
[16:41:13] Initializing procedures
[16:41:13] Loading options...
[16:41:13] Loading Drive List...
[16:41:13] Loading Database...
[16:41:13] Loading API...

[16:41:13] SigmaAV: 
[16:41:13] Main DB : v0.10
[16:41:13] Build: 4 Juni 2009
[16:41:13] Virus known: 8497
===============================================================================

===============================================================================
===============================================================================
[16:47:58]  Init Environment...
[16:47:58] Initializing procedures
[16:47:58] Loading options...
[16:47:58] Loading Drive List...
[16:47:58] Loading Database...
[16:47:59] Loading API...

[16:47:59] SigmaAV: 
[16:47:59] Main DB : v0.10
[16:47:59] Build: 4 Juni 2009
[16:47:59] Virus known: 8497
===============================================================================

===============================================================================
[18:06:01]  Init Environment...
[18:06:03] Initializing procedures
[18:06:03] Loading options...
[18:06:06] Loading Drive List...
[18:06:06] Loading Database...
[18:06:06] Loading API...

[18:06:06] SigmaAV: 
[18:06:06] Main DB : v0.10
[18:06:06] Build: 4 Juni 2009
[18:06:06] Virus known: 8497
===============================================================================

===============================================================================
===============================================================================
===============================================================================
===============================================================================
===============================================================================
===============================================================================
===============================================================================
===============================================================================
[14:12:19]  Init Environment...
[14:12:22] Initializing procedures
[14:12:22] Loading options...
[14:12:24] Loading Drive List...
[14:12:24] Loading Database...
[14:12:24] Loading API...

[14:12:24] SigmaAV: 
[14:12:24] Main DB : v0.10
[14:12:24] Build: 4 Juni 2009
[14:12:24] Virus known: 8497
===============================================================================

===============================================================================
===============================================================================
===============================================================================
===============================================================================
===============================================================================
===============================================================================
===============================================================================
===============================================================================
===============================================================================
===============================================================================
===============================================================================
===============================================================================
===============================================================================
[10:40:15]  Init Environment...
[10:40:16] Initializing procedures
[10:40:16] Loading options...
[10:40:16] Loading Drive List...
[10:40:16] Loading Database...
[10:40:16] Loading API...

[10:40:16] SigmaAV: 
[10:40:16] Main DB : v0.10
[10:40:16] Build: 4 Juni 2009
[10:40:16] Virus known: 8497
===============================================================================

===============================================================================
===============================================================================
===============================================================================
===============================================================================
===============================================================================
[10:52:49]  Init Environment...
[10:52:49] Initializing procedures
[10:52:49] Loading options...
[10:52:49] Loading Drive List...
[10:52:49] Loading Database...
[10:52:49] Loading API...

[10:52:49] SigmaAV: 
[10:52:49] Main DB : v0.10
[10:52:49] Build: 4 Juni 2009
[10:52:49] Virus known: 8497
===============================================================================

===============================================================================
===============================================================================
[10:57:40]  Init Environment...
[10:57:40] Initializing procedures
[10:57:40] Loading options...
[10:57:40] Loading Drive List...
[10:57:40] Loading Database...
[10:57:40] Loading API...

[10:57:41] SigmaAV: 
[10:57:41] Main DB : v0.10
[10:57:41] Build: 4 Juni 2009
[10:57:41] Virus known: 8498
===============================================================================

===============================================================================
===============================================================================
===============================================================================
===============================================================================
===============================================================================
[11:05:37]  Init Environment...
[11:05:37] Initializing procedures
[11:05:37] Loading options...
[11:05:37] Loading Drive List...
[11:05:37] Loading Database...
[11:05:37] Loading API...

[11:05:37] SigmaAV: 
[11:05:37] Main DB : v0.10
[11:05:37] Build: 4 Juni 2009
[11:05:37] Virus known: 8499
===============================================================================

===============================================================================
===============================================================================
===============================================================================
===============================================================================
===============================================================================
===============================================================================
===============================================================================
===============================================================================
===============================================================================
===============================================================================
===============================================================================
===============================================================================
[11:20:01]  Init Environment...
[11:20:01] Initializing procedures
[11:20:01] Loading options...
[11:20:01] Loading Drive List...
[11:20:01] Loading Database...
[11:20:01] Loading API...

[11:20:01] SigmaAV: 
[11:20:01] Main DB : v0.10
[11:20:01] Build: 4 Juni 2009
[11:20:01] Virus known: 8499
===============================================================================

===============================================================================
===============================================================================
===============================================================================
===============================================================================
===============================================================================
===============================================================================
===============================================================================
===============================================================================
[11:54:59]  Init Environment...
[11:54:59] Initializing procedures
[11:54:59] Loading options...
[11:55:00] Loading Drive List...
[11:55:00] Loading Database...
[11:55:00] Loading API...

[11:55:00] SigmaAV: 
[11:55:00] Main DB : v0.10
[11:55:00] Build: 4 Juni 2009
[11:55:00] Virus known: 8502
===============================================================================

===============================================================================
===============================================================================
===============================================================================
===============================================================================
===============================================================================
===============================================================================
===============================================================================
===============================================================================
===============================================================================
[17:41:39]  Init Environment...
[17:41:39] Initializing procedures
[17:41:39] Loading options...
[17:41:39] Loading Drive List...
[17:41:39] Loading Database...
[17:41:39] Loading API...

[17:41:39] SigmaAV: 
[17:41:39] Main DB : v0.10
[17:41:39] Build: 4 Juni 2009
[17:41:39] Virus known: 8502
===============================================================================

===============================================================================
===============================================================================
===============================================================================
===============================================================================
[17:49:47]  Init Environment...
[17:49:48] Initializing procedures
[17:49:48] Loading options...
[17:49:48] Loading Drive List...
[17:49:48] Loading Database...
[17:49:48] Loading API...

[17:49:48] SigmaAV: 
[17:49:48] Main DB : v0.10
[17:49:48] Build: 4 Juni 2009
[17:49:48] Virus known: 8502
===============================================================================

===============================================================================
===============================================================================
===============================================================================
===============================================================================
[20:12:19]  Init Environment...
[20:12:19] Initializing procedures
[20:12:19] Loading options...
[20:12:19] Loading Drive List...
[20:12:19] Loading Database...
[20:12:19] Loading API...

[20:12:19] SigmaAV: 
[20:12:19] Main DB : v0.10
[20:12:19] Build: 4 Juni 2009
[20:12:19] Virus known: 8502
===============================================================================

===============================================================================
[20:59:10]  Init Environment...
[20:59:10] Initializing procedures
[20:59:10] Loading options...
[20:59:11] Loading Drive List...
[20:59:11] Loading Database...
[20:59:11] Loading API...

[20:59:12] SigmaAV: 
[20:59:12] Main DB : v0.10
[20:59:12] Build: 4 Juni 2009
[20:59:12] Virus known: 8502
===============================================================================

===============================================================================
===============================================================================
===============================================================================
===============================================================================
===============================================================================
===============================================================================
[21:19:25]  Init Environment...
[21:19:25] Initializing procedures
[21:19:25] Loading options...
[21:19:25] Loading Drive List...
[21:19:25] Loading Database...
[21:19:25] Loading API...

[21:19:25] SigmaAV: 
[21:19:25] Main DB : v0.10
[21:19:25] Build: 4 Juni 2009
[21:19:25] Virus known: 8502
===============================================================================

===============================================================================
[21:19:41]  Init Environment...
[21:19:41] Initializing procedures
[21:19:41] Loading options...
[21:19:41] Loading Drive List...
[21:19:41] Loading Database...
[21:19:42] Loading API...

[21:19:42] SigmaAV: 
[21:19:42] Main DB : v0.10
[21:19:42] Build: 4 Juni 2009
[21:19:42] Virus known: 8502
===============================================================================

===============================================================================
[21:19:51]  Init Environment...
[21:19:51] Initializing procedures
[21:19:51] Loading options...
[21:19:51] Loading Drive List...
[21:19:51] Loading Database...
[21:19:51] Loading API...

[21:19:51] SigmaAV: 
[21:19:51] Main DB : v0.10
[21:19:51] Build: 4 Juni 2009
[21:19:51] Virus known: 8502
===============================================================================

===============================================================================
[15:38:10]  Init Environment...
[15:38:13] Initializing procedures
[15:38:13] Loading options...
[15:38:16] Loading Drive List...
[15:38:16] Loading Database...
[15:38:16] Loading API...

[15:38:20] SigmaAV: 
[15:38:20] Main DB : v0.10
[15:38:20] Build: 4 Juni 2009
[15:38:20] Virus known: 8502
===============================================================================

===============================================================================
===============================================================================
===============================================================================
===============================================================================
===============================================================================
===============================================================================
===============================================================================
===============================================================================
===============================================================================
===============================================================================
===============================================================================
[16:39:44]  Init Environment...
[16:39:45] Initializing procedures
[16:39:45] Loading options...
[16:39:46] Loading Drive List...
[16:39:46] Loading Database...
[16:39:46] Loading API...

[16:39:46] SigmaAV: 
[16:39:46] Main DB : v0.10
[16:39:46] Build: 4 Juni 2009
[16:39:46] Virus known: 8501
===============================================================================

===============================================================================
[16:41:55]  Init Environment...
[16:41:55] Initializing procedures
[16:41:55] Loading options...
[16:41:55] Loading Drive List...
[16:41:55] Loading Database...
[16:41:57] Loading API...

[16:42:04] SigmaAV: 
[16:42:04] Main DB : v0.10
[16:42:04] Build: 4 Juni 2009
[16:42:04] Virus known: 8501
===============================================================================

===============================================================================
[16:43:11]  Init Environment...
[16:43:11] Initializing procedures
[16:43:11] Loading options...
[16:43:11] Loading Drive List...
[16:43:11] Loading Database...
[16:43:11] Loading API...

[16:43:18] SigmaAV: 
[16:43:18] Main DB : v0.10
[16:43:18] Build: 4 Juni 2009
[16:43:18] Virus known: 8501
===============================================================================

===============================================================================
[16:45:51]  Init Environment...
[16:45:51] Initializing procedures
[16:45:51] Loading options...
[16:45:51] Loading Drive List...
[16:45:51] Loading Database...
[16:45:52] Loading API...

[16:45:57] SigmaAV: 
[16:45:57] Main DB : v0.10
[16:45:57] Build: 4 Juni 2009
[16:45:57] Virus known: 8501
===============================================================================

===============================================================================
===============================================================================
===============================================================================
===============================================================================
[15:51:54]  Init Environment...
[15:51:56] Initializing procedures
[15:51:56] Loading options...
[15:51:56] Loading Drive List...
[15:51:56] Loading Database...
[15:51:56] Loading API...

[15:52:01] SigmaAV: 
[15:52:01] Main DB : v0.10
[15:52:01] Build: 4 Juni 2009
[15:52:01] Virus known: 8501
===============================================================================

===============================================================================
===============================================================================
===============================================================================
[16:03:15]  Init Environment...
[16:03:15] Initializing procedures
[16:03:15] Loading options...
[16:03:15] Loading Drive List...
[16:03:15] Loading Database...
[16:03:15] Loading API...

[16:03:16]  Error!

[16:03:16] SigmaAV: 
[16:03:16] Main DB : v0.10
[16:03:16] Build: 4 Juni 2009
[16:03:16] Virus known: 8501
===============================================================================


[17:01:50] SigmaAV: 
[17:01:50] Main DB : v0.10
[17:01:50] Build: 4 Juni 2009
[17:01:50] Virus known: 8501
===============================================================================

===============================================================================
===============================================================================

[15:22:39] SigmaAV: 
[15:22:39] Main DB : v0.10
[15:22:39] Build: 4 Juni 2009
[15:22:39] Virus known: 8501
===============================================================================

===============================================================================
===============================================================================

[17:57:47] SigmaAV: 
[17:57:47] Main DB : v0.10
[17:57:47] Build: 4 Juni 2009
[17:57:47] Virus known: 8501
===============================================================================

===============================================================================

[18:02:49] SigmaAV: 
[18:02:49] Main DB : v0.10
[18:02:49] Build: 4 Juni 2009
[18:02:49] Virus known: 8495
===============================================================================

===============================================================================
===============================================================================
===============================================================================
===============================================================================
===============================================================================
===============================================================================
===============================================================================


[20:41:53]  Error!

[20:41:53] SigmaAV: 
[20:41:53] Main DB : v0.10
[20:41:53] Build: 4 Juni 2009
[20:41:53] Virus known: 8495
===============================================================================




[20:48:07]  Error!

[20:48:07] SigmaAV: 
[20:48:07] Main DB : v0.10
[20:48:07] Build: 4 Juni 2009
[20:48:07] Virus known: 8495
===============================================================================



[20:51:45]  Error!

[20:51:45] SigmaAV: 
[20:51:45] Main DB : v0.10
[20:51:45] Build: 4 Juni 2009
[20:51:45] Virus known: 8495
===============================================================================



[20:54:06]  Error!

[20:54:06] SigmaAV: 
[20:54:06] Main DB : v0.10
[20:54:06] Build: 4 Juni 2009
[20:54:06] Virus known: 8495
===============================================================================



[21:02:55]  Error!

[21:02:55] SigmaAV: 
[21:02:55] Main DB : v0.10
[21:02:55] Build: 4 Juni 2009
[21:02:55] Virus known: 8495
===============================================================================



[21:05:07]  Error!

[21:05:07] SigmaAV: 
[21:05:07] Main DB : v0.10
[21:05:07] Build: 4 Juni 2009
[21:05:07] Virus known: 8495
===============================================================================



[21:08:09]  Error!

[21:08:09] SigmaAV: 
[21:08:09] Main DB : v0.10
[21:08:09] Build: 4 Juni 2009
[21:08:09] Virus known: 8495
===============================================================================



[21:15:18]  Error!

[21:15:18] SigmaAV: 
[21:15:18] Main DB : v0.10
[21:15:18] Build: 4 Juni 2009
[21:15:18] Virus known: 8495
===============================================================================


[21:24:51]  Error!

[21:24:51] SigmaAV: 
[21:24:51] Main DB : v0.10
[21:24:51] Build: 4 Juni 2009
[21:24:51] Virus known: 8495
===============================================================================

===============================================================================
===============================================================================


[21:44:07] SigmaAV: 
[21:44:07] Main DB : v0.10
[21:44:07] Build: 4 Juni 2009
[21:44:07] Virus known: 8495
===============================================================================

===============================================================================


[21:52:18] SigmaAV: 
[21:52:18] Main DB : v0.10
[21:52:18] Build: 4 Juni 2009
[21:52:18] Virus known: 8495
===============================================================================



[21:54:52] SigmaAV: 
[21:54:52] Main DB : v0.10
[21:54:52] Build: 4 Juni 2009
[21:54:52] Virus known: 8495
===============================================================================



[22:03:15] SigmaAV: 
[22:03:15] Main DB : v0.10
[22:03:15] Build: 4 Juni 2009
[22:03:15] Virus known: 8495
===============================================================================


[22:22:44] SigmaAV: 
[22:22:44] Main DB : v0.10
[22:22:44] Build: 4 Juni 2009
[22:22:44] Virus known: 8495
===============================================================================

===============================================================================

[22:23:10] SigmaAV: 
[22:23:10] Main DB : v0.10
[22:23:10] Build: 4 Juni 2009
[22:23:10] Virus known: 8495
===============================================================================

===============================================================================

[14:24:33] SigmaAV: 
[14:24:33] Main DB : v0.10
[14:24:33] Build: 4 Juni 2009
[14:24:33] Virus known: 8496
===============================================================================

===============================================================================

[14:51:08] SigmaAV: 
[14:51:08] Main DB : v0.10
[14:51:08] Build: 4 Juni 2009
[14:51:08] Virus known: 8496
===============================================================================

===============================================================================

[16:54:04] SigmaAV: 
[16:54:04] Main DB : v0.10
[16:54:04] Build: 4 Juni 2009
[16:54:04] Virus known: 8493
===============================================================================

===============================================================================

[21:35:43] SigmaAV: 
[21:35:43] Main DB : v0.10
[21:35:43] Build: 4 Juni 2009
[21:35:43] Virus known: 8493
===============================================================================

===============================================================================
===============================================================================

[21:41:14] SigmaAV: 
[21:41:14] Main DB : v0.10
[21:41:14] Build: 4 Juni 2009
[21:41:14] Virus known: 8493
===============================================================================

===============================================================================
===============================================================================
===============================================================================
===============================================================================

[18:28:04] SigmaAV: 
[18:28:04] Main DB : v0.10
[18:28:04] Build: 4 Juni 2009
[18:28:04] Virus known: 8493
===============================================================================


[18:45:23] SigmaAV: 
[18:45:23] Main DB : v0.10
[18:45:23] Build: 4 Juni 2009
[18:45:23] Virus known: 8493
===============================================================================


[20:25:17] SigmaAV: 
[20:25:17] Main DB : v0.10
[20:25:17] Build: 4 Juni 2009
[20:25:17] Virus known: 8493
===============================================================================


[21:24:32] SigmaAV: 
[21:24:32] Main DB : v0.10
[21:24:32] Build: 4 Juni 2009
[21:24:32] Virus known: 8493
===============================================================================


[11:21:43] SigmaAV: 
[11:21:43] Main DB : v0.10
[11:21:43] Build: 4 Juni 2009
[11:21:43] Virus known: 8493
===============================================================================


[12:00:26] SigmaAV: 
[12:00:26] Main DB : v0.10
[12:00:26] Build: 4 Juni 2009
[12:00:26] Virus known: 8493
===============================================================================


[12:05:04] SigmaAV: 
[12:05:04] Main DB : v0.10
[12:05:04] Build: 4 Juni 2009
[12:05:04] Virus known: 8493
===============================================================================

===============================================================================

[22:32:59] SigmaAV: 
[22:32:59] Main DB : v0.10
[22:32:59] Build: 4 Juni 2009
[22:32:59] Virus known: 8494
===============================================================================

===============================================================================

[22:34:58] SigmaAV: 
[22:34:58] Main DB : v0.10
[22:34:58] Build: 4 Juni 2009
[22:34:58] Virus known: 8493
===============================================================================

===============================================================================

[19:35:26] SigmaAV: 
[19:35:26] Main DB : v0.10
[19:35:26] Build: 4 Juni 2009
[19:35:26] Virus known: 8495
===============================================================================

===============================================================================
===============================================================================
===============================================================================
===============================================================================

[13:07:13] SigmaAV: 
[13:07:13] Main DB : v0.10
[13:07:13] Build: 4 Juni 2009
[13:07:13] Virus known: 8493
===============================================================================


[13:20:34] SigmaAV: 
[13:20:34] Main DB : v0.10
[13:20:34] Build: 4 Juni 2009
[13:20:34] Virus known: 8493
===============================================================================


[09:37:12] SigmaAV: 
[09:37:12] Main DB : v0.10
[09:37:12] Build: 4 Juni 2009
[09:37:12] Virus known: 8493
===============================================================================

===============================================================================
===============================================================================
===============================================================================
===============================================================================

[11:27:29] SigmaAV: 
[11:27:29] Main DB : v0.10
[11:27:29] Build: 4 Juni 2009
[11:27:29] Virus known: 8493
===============================================================================

===============================================================================
===============================================================================

[14:27:08] SigmaAV: 
[14:27:08] Main DB : v0.10
[14:27:08] Build: 4 Juni 2009
[14:27:08] Virus known: 8493
===============================================================================

===============================================================================
===============================================================================

[12:51:57] SigmaAV: 
[12:51:57] Main DB : v0.10
[12:51:57] Build: 4 Juni 2009
[12:51:57] Virus known: 8494
===============================================================================

===============================================================================

[12:53:57] SigmaAV: 
[12:53:57] Main DB : v0.10
[12:53:57] Build: 4 Juni 2009
[12:53:57] Virus known: 8494
===============================================================================

===============================================================================
===============================================================================

[12:58:07] SigmaAV: 
[12:58:07] Main DB : v0.10
[12:58:07] Build: 4 Juni 2009
[12:58:07] Virus known: 8494
===============================================================================

===============================================================================

[13:05:46] SigmaAV: 
[13:05:46] Main DB : v0.10
[13:05:46] Build: 4 Juni 2009
[13:05:46] Virus known: 8494
===============================================================================

===============================================================================

[13:26:12] SigmaAV: 
[13:26:12] Main DB : v0.10
[13:26:12] Build: 4 Juni 2009
[13:26:12] Virus known: 8494
===============================================================================

===============================================================================

[21:31:57] SigmaAV: 
[21:31:57] Main DB : v0.10
[21:31:57] Build: 4 Juni 2009
[21:31:57] Virus known: 8496
===============================================================================

===============================================================================
===============================================================================
===============================================================================
===============================================================================

[21:56:15] SigmaAV: 
[21:56:15] Main DB : v0.10
[21:56:15] Build: 4 Juni 2009
[21:56:15] Virus known: 8496
===============================================================================

===============================================================================
===============================================================================
===============================================================================

[22:09:23] SigmaAV: 
[22:09:23] Main DB : v0.10
[22:09:23] Build: 4 Juni 2009
[22:09:23] Virus known: 8496
===============================================================================

===============================================================================

[22:22:04] SigmaAV: 
[22:22:04] Main DB : v0.10
[22:22:04] Build: 4 Juni 2009
[22:22:04] Virus known: 8495
===============================================================================

===============================================================================
===============================================================================

[11:46:20] SigmaAV: 
[11:46:20] Main DB : v0.10
[11:46:20] Build: 4 Juni 2009
[11:46:20] Virus known: 8495
===============================================================================

===============================================================================
===============================================================================
===============================================================================
===============================================================================
===============================================================================
===============================================================================
===============================================================================
===============================================================================
===============================================================================
===============================================================================

[12:11:16] SigmaAV: 
[12:11:16] Main DB : v0.10
[12:11:16] Build: 4 Juni 2009
[12:11:16] Virus known: 8495
===============================================================================

===============================================================================

[21:58:36] SigmaAV: 
[21:58:36] Main DB : v0.10
[21:58:36] Build: 4 Juni 2009
[21:58:36] Virus known: 8601
===============================================================================


[22:31:49] SigmaAV: 
[22:31:49] Main DB : v0.10
[22:31:49] Build: 4 Juni 2009
[22:31:49] Virus known: 8601
===============================================================================


[23:29:31] SigmaAV: 
[23:29:31] Main DB : v0.10
[23:29:31] Build: 4 Juni 2009
[23:29:31] Virus known: 8601
===============================================================================


[23:56:14] SigmaAV: 
[23:56:14] Main DB : v0.10
[23:56:14] Build: 4 Juni 2009
[23:56:14] Virus known: 8601
===============================================================================


[13:44:12] SigmaAV: 
[13:44:12] Main DB : v0.10
[13:44:12] Build: 4 Juni 2009
[13:44:12] Virus known: 8602
===============================================================================


[20:24:28] SigmaAV: 
[20:24:28] Main DB : v0.10
[20:24:28] Build: 25 September 2009
[20:24:28] Virus known: 8602
===============================================================================


[20:59:58] SigmaAV: 
[20:59:58] Main DB : v0.10
[20:59:58] Build: 25 September 2009
[20:59:58] Virus known: 8602
===============================================================================

===============================================================================

[21:02:47] SigmaAV: 
[21:02:47] Main DB : v0.10
[21:02:47] Build: 25 September 2009
[21:02:47] Virus known: 8602
===============================================================================

===============================================================================

[21:04:47] SigmaAV: 
[21:04:47] Main DB : v0.10
[21:04:47] Build: 25 September 2009
[21:04:47] Virus known: 8602
===============================================================================


[10:59:24] SigmaAV: 
[10:59:24] Main DB : v0.10
[10:59:24] Build: 25 September 2009
[10:59:24] Virus known: 8602
===============================================================================


[11:07:42] SigmaAV: 
[11:07:42] Main DB : v0.10
[11:07:42] Build: 25 September 2009
[11:07:42] Virus known: 8602
===============================================================================


[12:12:09] SigmaAV: 
[12:12:09] Main DB : v0.10
[12:12:09] Build: 25 September 2009
[12:12:09] Virus known: 8602
===============================================================================

===============================================================================

[13:18:03] SigmaAV: 
[13:18:03] Main DB : v0.10
[13:18:03] Build: 25 September 2009
[13:18:03] Virus known: 8602
===============================================================================


[13:38:45] SigmaAV: 
[13:38:45] Main DB : v0.10
[13:38:45] Build: 25 September 2009
[13:38:45] Virus known: 8602
===============================================================================


[20:05:18] SigmaAV: 
[20:05:18] Main DB : v0.10
[20:05:18] Build: 25 September 2009
[20:05:18] Virus known: 8602
===============================================================================


[10:48:08] SigmaAV: 
[10:48:08] Main DB : v0.10
[10:48:08] Build: 25 September 2009
[10:48:08] Virus known: 8602
===============================================================================


[14:37:35] SigmaAV: 
[14:37:35] Main DB : 0.12
[14:37:35] Build: 25 September 2009
[14:37:35] Virus known: 8602
===============================================================================


[16:03:01] SigmaAV: 
[16:03:01] Main DB : 0.12
[16:03:01] Build: 25 September 2009
[16:03:01] Virus known: 8602
===============================================================================

===============================================================================

[20:17:20] SigmaAV: 
[20:17:20] Main DB : 0.12
[20:17:20] Build: 25 September 2009
[20:17:20] Virus known: 8602
===============================================================================


[23:45:50] SigmaAV: 
[23:45:50] Main DB : v0.10
[23:45:50] Build: 25 September 2009
[23:45:50] Virus known: 8602
===============================================================================


[09:29:46] SigmaAV: 
[09:29:46] Main DB : v0.10
[09:29:46] Build: 25 September 2009
[09:29:46] Virus known: 8602
===============================================================================


[10:39:40] SigmaAV: 
[10:39:40] Main DB : v0.10
[10:39:40] Build: 25 September 2009
[10:39:40] Virus known: 8602
===============================================================================


[11:25:36] SigmaAV: 
[11:25:36] Main DB : v0.10
[11:25:36] Build: 25 September 2009
[11:25:36] Virus known: 8602
===============================================================================

===============================================================================

[11:30:01] SigmaAV: 
[11:30:01] Main DB : v0.10
[11:30:01] Build: 25 September 2009
[11:30:01] Virus known: 8602
===============================================================================


[12:02:03] SigmaAV: 
[12:02:03] Main DB : v0.10
[12:02:03] Build: 25 September 2009
[12:02:03] Virus known: 8602
===============================================================================

===============================================================================
===============================================================================
===============================================================================
===============================================================================
===============================================================================

[18:33:34] SigmaAV: 
[18:33:34] Main DB : v0.10
[18:33:34] Build: 25 September 2009
[18:33:34] Virus known: 8602
===============================================================================


[18:49:51] SigmaAV: 
[18:49:51] Main DB : v0.10
[18:49:51] Build: 25 September 2009
[18:49:51] Virus known: 8602
===============================================================================

===============================================================================

[18:50:26] SigmaAV: 
[18:50:26] Main DB : v0.10
[18:50:26] Build: 25 September 2009
[18:50:26] Virus known: 8602
===============================================================================

===============================================================================

[18:51:26] SigmaAV: 
[18:51:26] Main DB : v0.10
[18:51:26] Build: 25 September 2009
[18:51:26] Virus known: 8602
===============================================================================

===============================================================================

[18:52:05] SigmaAV: 
[18:52:05] Main DB : v0.10
[18:52:05] Build: 25 September 2009
[18:52:05] Virus known: 8602
===============================================================================

===============================================================================

[18:54:00] SigmaAV: 
[18:54:00] Main DB : v0.10
[18:54:00] Build: 25 September 2009
[18:54:00] Virus known: 8602
===============================================================================


[18:58:49] SigmaAV: 
[18:58:49] Main DB : v0.10
[18:58:49] Build: 25 September 2009
[18:58:49] Virus known: 8602
===============================================================================

===============================================================================

[19:01:54] SigmaAV: 
[19:01:54] Main DB : v0.10
[19:01:54] Build: 25 September 2009
[19:01:54] Virus known: 8602
===============================================================================

===============================================================================

[19:08:37] SigmaAV: 
[19:08:37] Main DB : v0.10
[19:08:37] Build: 25 September 2009
[19:08:37] Virus known: 8602
===============================================================================

===============================================================================

[19:09:10] SigmaAV: 
[19:09:10] Main DB : v0.10
[19:09:10] Build: 25 September 2009
[19:09:10] Virus known: 8602
===============================================================================

===============================================================================

[19:11:58] SigmaAV: 
[19:11:58] Main DB : v0.10
[19:11:58] Build: 25 September 2009
[19:11:58] Virus known: 8602
===============================================================================


[19:12:19] SigmaAV: 
[19:12:19] Main DB : v0.10
[19:12:19] Build: 25 September 2009
[19:12:19] Virus known: 8602
===============================================================================


[19:27:31] SigmaAV: 
[19:27:31] Main DB : v0.10
[19:27:31] Build: 25 September 2009
[19:27:31] Virus known: 8602
===============================================================================

===============================================================================

[19:29:45] SigmaAV: 
[19:29:45] Main DB : v0.10
[19:29:45] Build: 25 September 2009
[19:29:45] Virus known: 8602
===============================================================================

===============================================================================
===============================================================================

[19:33:05] SigmaAV: 
[19:33:05] Main DB : v0.10
[19:33:05] Build: 25 September 2009
[19:33:05] Virus known: 8602
===============================================================================

===============================================================================

[19:33:31] SigmaAV: 
[19:33:31] Main DB : v0.10
[19:33:31] Build: 25 September 2009
[19:33:31] Virus known: 8602
===============================================================================

===============================================================================
===============================================================================

[19:34:14] SigmaAV: 
[19:34:14] Main DB : v0.10
[19:34:14] Build: 25 September 2009
[19:34:14] Virus known: 8602
===============================================================================

===============================================================================
===============================================================================

[19:38:22] SigmaAV: 
[19:38:22] Main DB : v0.10
[19:38:22] Build: 25 September 2009
[19:38:22] Virus known: 8602
===============================================================================

===============================================================================

[19:39:55] SigmaAV: 
[19:39:55] Main DB : v0.10
[19:39:55] Build: 25 September 2009
[19:39:55] Virus known: 8602
===============================================================================


[19:40:28] SigmaAV: 
[19:40:28] Main DB : v0.10
[19:40:28] Build: 25 September 2009
[19:40:28] Virus known: 8602
===============================================================================


[19:43:10] SigmaAV: 
[19:43:10] Main DB : v0.10
[19:43:10] Build: 25 September 2009
[19:43:10] Virus known: 8602
===============================================================================

===============================================================================

[19:44:31] SigmaAV: 
[19:44:31] Main DB : v0.10
[19:44:31] Build: 25 September 2009
[19:44:31] Virus known: 8602
===============================================================================

===============================================================================

[19:45:04] SigmaAV: 
[19:45:04] Main DB : v0.10
[19:45:04] Build: 25 September 2009
[19:45:04] Virus known: 8602
===============================================================================

===============================================================================

[19:45:40] SigmaAV: 
[19:45:40] Main DB : v0.10
[19:45:40] Build: 25 September 2009
[19:45:40] Virus known: 8602
===============================================================================

===============================================================================

[19:52:37] SigmaAV: 
[19:52:37] Main DB : v0.10
[19:52:37] Build: 25 September 2009
[19:52:37] Virus known: 8602
===============================================================================

===============================================================================

[19:53:47] SigmaAV: 
[19:53:47] Main DB : v0.10
[19:53:47] Build: 25 September 2009
[19:53:47] Virus known: 8602
===============================================================================

===============================================================================

[19:54:18] SigmaAV: 
[19:54:18] Main DB : v0.10
[19:54:18] Build: 25 September 2009
[19:54:18] Virus known: 8602
===============================================================================

===============================================================================
===============================================================================

[20:02:07] SigmaAV: 
[20:02:07] Main DB : v0.10
[20:02:07] Build: 25 September 2009
[20:02:07] Virus known: 8602
===============================================================================

===============================================================================
===============================================================================

[20:03:39] SigmaAV: 
[20:03:39] Main DB : v0.10
[20:03:39] Build: 25 September 2009
[20:03:39] Virus known: 8602
===============================================================================

===============================================================================
===============================================================================
===============================================================================

[20:11:28] SigmaAV: 
[20:11:28] Main DB : v0.10
[20:11:28] Build: 25 September 2009
[20:11:28] Virus known: 8602
===============================================================================

===============================================================================
===============================================================================

[20:19:59] SigmaAV: 
[20:19:59] Main DB : v0.10
[20:19:59] Build: 25 September 2009
[20:19:59] Virus known: 8602
===============================================================================

===============================================================================

[20:21:33] SigmaAV: 
[20:21:33] Main DB : v0.10
[20:21:33] Build: 25 September 2009
[20:21:33] Virus known: 8602
===============================================================================

===============================================================================
===============================================================================

[20:25:13] SigmaAV: 
[20:25:13] Main DB : v0.10
[20:25:13] Build: 25 September 2009
[20:25:13] Virus known: 8602
===============================================================================

===============================================================================
===============================================================================

[20:26:27] SigmaAV: 
[20:26:27] Main DB : v0.10
[20:26:27] Build: 25 September 2009
[20:26:27] Virus known: 8602
===============================================================================

===============================================================================

[20:27:01] SigmaAV: 
[20:27:01] Main DB : v0.10
[20:27:01] Build: 25 September 2009
[20:27:01] Virus known: 8602
===============================================================================

===============================================================================

[20:33:44] SigmaAV: 
[20:33:44] Main DB : v0.10
[20:33:44] Build: 25 September 2009
[20:33:44] Virus known: 8602
===============================================================================

===============================================================================
===============================================================================

[20:35:49] SigmaAV: 
[20:35:49] Main DB : v0.10
[20:35:49] Build: 25 September 2009
[20:35:49] Virus known: 8602
===============================================================================

===============================================================================
===============================================================================

[20:40:06] SigmaAV: 
[20:40:06] Main DB : v0.10
[20:40:06] Build: 25 September 2009
[20:40:06] Virus known: 8602
===============================================================================

===============================================================================
===============================================================================

[20:49:09] SigmaAV: 
[20:49:09] Main DB : v0.10
[20:49:09] Build: 25 September 2009
[20:49:09] Virus known: 8602
===============================================================================

===============================================================================
===============================================================================

[20:51:05] SigmaAV: 
[20:51:05] Main DB : v0.10
[20:51:05] Build: 25 September 2009
[20:51:05] Virus known: 8602
===============================================================================

===============================================================================

[14:38:34] SigmaAV: 
[14:38:34] Main DB : v0.10
[14:38:34] Build: 25 September 2009
[14:38:34] Virus known: 8602
===============================================================================

===============================================================================

[14:40:56] SigmaAV: 
[14:40:56] Main DB : v0.10
[14:40:56] Build: 25 September 2009
[14:40:56] Virus known: 8602
===============================================================================

===============================================================================

[14:41:32] SigmaAV: 
[14:41:32] Main DB : v0.10
[14:41:32] Build: 25 September 2009
[14:41:32] Virus known: 8602
===============================================================================

===============================================================================
===============================================================================

[14:43:28] SigmaAV: 
[14:43:28] Main DB : v0.10
[14:43:28] Build: 25 September 2009
[14:43:28] Virus known: 8602
===============================================================================

===============================================================================
===============================================================================

[14:44:14] SigmaAV: 
[14:44:14] Main DB : v0.10
[14:44:14] Build: 25 September 2009
[14:44:14] Virus known: 8602
===============================================================================

===============================================================================

[14:53:01] SigmaAV: 
[14:53:01] Main DB : v0.10
[14:53:01] Build: 25 September 2009
[14:53:01] Virus known: 8602
===============================================================================

===============================================================================
===============================================================================

[15:08:23] SigmaAV: 
[15:08:23] Main DB : v0.10
[15:08:23] Build: 25 September 2009
[15:08:23] Virus known: 8602
===============================================================================


[15:22:09] SigmaAV: 
[15:22:09] Main DB : v0.10
[15:22:09] Build: 25 September 2009
[15:22:09] Virus known: 8602
===============================================================================

===============================================================================
===============================================================================

[15:23:09] SigmaAV: 
[15:23:09] Main DB : v0.10
[15:23:09] Build: 25 September 2009
[15:23:09] Virus known: 8602
===============================================================================

===============================================================================

[15:23:54] SigmaAV: 
[15:23:54] Main DB : v0.10
[15:23:54] Build: 25 September 2009
[15:23:54] Virus known: 8602
===============================================================================

===============================================================================

[15:25:54] SigmaAV: 
[15:25:54] Main DB : v0.10
[15:25:54] Build: 25 September 2009
[15:25:54] Virus known: 8602
===============================================================================

===============================================================================
===============================================================================

[15:26:42] SigmaAV: 
[15:26:42] Main DB : v0.10
[15:26:42] Build: 25 September 2009
[15:26:42] Virus known: 8602
===============================================================================

===============================================================================
===============================================================================

[15:28:49] SigmaAV: 
[15:28:49] Main DB : v0.10
[15:28:49] Build: 25 September 2009
[15:28:49] Virus known: 8602
===============================================================================

===============================================================================

[15:30:48] SigmaAV: 
[15:30:48] Main DB : v0.10
[15:30:48] Build: 25 September 2009
[15:30:48] Virus known: 8602
===============================================================================

===============================================================================

[15:32:08] SigmaAV: 
[15:32:08] Main DB : v0.10
[15:32:08] Build: 25 September 2009
[15:32:08] Virus known: 8602
===============================================================================

===============================================================================

[15:35:01] SigmaAV: 
[15:35:01] Main DB : v0.10
[15:35:01] Build: 25 September 2009
[15:35:01] Virus known: 8602
===============================================================================

===============================================================================

[15:36:45] SigmaAV: 
[15:36:45] Main DB : v0.10
[15:36:45] Build: 25 September 2009
[15:36:45] Virus known: 8602
===============================================================================

===============================================================================

[15:45:44] SigmaAV: 
[15:45:44] Main DB : v0.10
[15:45:44] Build: 25 September 2009
[15:45:44] Virus known: 8602
===============================================================================

===============================================================================
===============================================================================
===============================================================================

[15:54:44] SigmaAV: 
[15:54:44] Main DB : v0.10
[15:54:44] Build: 25 September 2009
[15:54:44] Virus known: 8602
===============================================================================

===============================================================================
===============================================================================
===============================================================================

[15:58:44] SigmaAV: 
[15:58:44] Main DB : v0.10
[15:58:44] Build: 25 September 2009
[15:58:44] Virus known: 8602
===============================================================================

===============================================================================
===============================================================================
===============================================================================

[16:06:24] SigmaAV: 
[16:06:24] Main DB : v0.10
[16:06:24] Build: 25 September 2009
[16:06:24] Virus known: 8602
===============================================================================

===============================================================================
===============================================================================

[16:07:11] SigmaAV: 
[16:07:11] Main DB : v0.10
[16:07:11] Build: 25 September 2009
[16:07:11] Virus known: 8602
===============================================================================

===============================================================================
===============================================================================

[16:08:14] SigmaAV: 
[16:08:14] Main DB : v0.10
[16:08:14] Build: 25 September 2009
[16:08:14] Virus known: 8602
===============================================================================

===============================================================================
===============================================================================
===============================================================================

[16:09:25] SigmaAV: 
[16:09:25] Main DB : v0.10
[16:09:25] Build: 25 September 2009
[16:09:25] Virus known: 8602
===============================================================================

===============================================================================
===============================================================================
===============================================================================

[16:10:52] SigmaAV: 
[16:10:52] Main DB : v0.10
[16:10:52] Build: 25 September 2009
[16:10:52] Virus known: 8602
===============================================================================

===============================================================================
===============================================================================

[16:14:10] SigmaAV: 
[16:14:10] Main DB : v0.10
[16:14:10] Build: 25 September 2009
[16:14:10] Virus known: 8602
===============================================================================

===============================================================================

[16:14:58] SigmaAV: 
[16:14:58] Main DB : v0.10
[16:14:58] Build: 25 September 2009
[16:14:58] Virus known: 8602
===============================================================================

===============================================================================

[16:15:20] SigmaAV: 
[16:15:20] Main DB : v0.10
[16:15:20] Build: 25 September 2009
[16:15:20] Virus known: 8602
===============================================================================

===============================================================================
===============================================================================

[16:19:05] SigmaAV: 
[16:19:05] Main DB : v0.10
[16:19:05] Build: 25 September 2009
[16:19:05] Virus known: 8602
===============================================================================

===============================================================================

[16:20:11] SigmaAV: 
[16:20:11] Main DB : v0.10
[16:20:11] Build: 25 September 2009
[16:20:11] Virus known: 8602
===============================================================================

===============================================================================

[16:22:18] SigmaAV: 
[16:22:18] Main DB : v0.10
[16:22:18] Build: 25 September 2009
[16:22:18] Virus known: 8602
===============================================================================

===============================================================================

[16:27:46] SigmaAV: 
[16:27:46] Main DB : v0.10
[16:27:46] Build: 25 September 2009
[16:27:46] Virus known: 8602
===============================================================================

===============================================================================
===============================================================================

[16:44:14] SigmaAV: 
[16:44:14] Main DB : v0.10
[16:44:14] Build: 25 September 2009
[16:44:14] Virus known: 8602
===============================================================================


[16:45:59] SigmaAV: 
[16:45:59] Main DB : v0.10
[16:45:59] Build: 25 September 2009
[16:45:59] Virus known: 8602
===============================================================================

===============================================================================
===============================================================================

[16:52:45] SigmaAV: 
[16:52:45] Main DB : v0.10
[16:52:45] Build: 25 September 2009
[16:52:45] Virus known: 8602
===============================================================================

===============================================================================
===============================================================================

[16:54:33] SigmaAV: 
[16:54:33] Main DB : v0.10
[16:54:33] Build: 25 September 2009
[16:54:33] Virus known: 8602
===============================================================================

===============================================================================
===============================================================================

[16:56:20] SigmaAV: 
[16:56:20] Main DB : v0.10
[16:56:20] Build: 25 September 2009
[16:56:20] Virus known: 8602
===============================================================================

===============================================================================
===============================================================================

[17:13:48] SigmaAV: 
[17:13:48] Main DB : v0.10
[17:13:48] Build: 25 September 2009
[17:13:48] Virus known: 8602
===============================================================================

===============================================================================
===============================================================================
===============================================================================

[17:15:43] SigmaAV: 
[17:15:43] Main DB : v0.10
[17:15:43] Build: 25 September 2009
[17:15:43] Virus known: 8602
===============================================================================

===============================================================================
===============================================================================
===============================================================================
===============================================================================

[17:17:01] SigmaAV: 
[17:17:01] Main DB : v0.10
[17:17:01] Build: 25 September 2009
[17:17:01] Virus known: 8602
===============================================================================

===============================================================================
===============================================================================

[17:18:39] SigmaAV: 
[17:18:39] Main DB : v0.10
[17:18:39] Build: 25 September 2009
[17:18:39] Virus known: 8602
===============================================================================

===============================================================================
===============================================================================

[17:21:40] SigmaAV: 
[17:21:40] Main DB : v0.10
[17:21:40] Build: 25 September 2009
[17:21:40] Virus known: 8602
===============================================================================

===============================================================================

[17:22:20] SigmaAV: 
[17:22:20] Main DB : v0.10
[17:22:20] Build: 25 September 2009
[17:22:20] Virus known: 8602
===============================================================================

===============================================================================

[17:24:43] SigmaAV: 
[17:24:43] Main DB : v0.10
[17:24:43] Build: 25 September 2009
[17:24:43] Virus known: 8602
===============================================================================

===============================================================================

[17:25:50] SigmaAV: 
[17:25:50] Main DB : v0.10
[17:25:50] Build: 25 September 2009
[17:25:50] Virus known: 8602
===============================================================================

===============================================================================

[17:30:59] SigmaAV: 
[17:30:59] Main DB : v0.10
[17:30:59] Build: 25 September 2009
[17:30:59] Virus known: 8602
===============================================================================

===============================================================================
===============================================================================
===============================================================================

[17:35:13] SigmaAV: 
[17:35:13] Main DB : v0.10
[17:35:13] Build: 25 September 2009
[17:35:13] Virus known: 8602
===============================================================================

===============================================================================

[17:37:26] SigmaAV: 
[17:37:26] Main DB : v0.10
[17:37:26] Build: 25 September 2009
[17:37:26] Virus known: 8602
===============================================================================

===============================================================================

[17:39:33] SigmaAV: 
[17:39:33] Main DB : v0.10
[17:39:33] Build: 25 September 2009
[17:39:33] Virus known: 8602
===============================================================================

===============================================================================

[17:40:05] SigmaAV: 
[17:40:05] Main DB : v0.10
[17:40:05] Build: 25 September 2009
[17:40:05] Virus known: 8602
===============================================================================

===============================================================================

[17:51:24] SigmaAV: 
[17:51:24] Main DB : v0.10
[17:51:24] Build: 25 September 2009
[17:51:24] Virus known: 8602
===============================================================================

===============================================================================

[17:52:11] SigmaAV: 
[17:52:11] Main DB : v0.10
[17:52:11] Build: 25 September 2009
[17:52:11] Virus known: 8602
===============================================================================

===============================================================================

[17:54:02] SigmaAV: 
[17:54:02] Main DB : v0.10
[17:54:02] Build: 25 September 2009
[17:54:02] Virus known: 8602
===============================================================================

===============================================================================
===============================================================================

[17:54:39] SigmaAV: 
[17:54:39] Main DB : v0.10
[17:54:39] Build: 25 September 2009
[17:54:39] Virus known: 8602
===============================================================================

===============================================================================
===============================================================================

[17:57:18] SigmaAV: 
[17:57:18] Main DB : v0.10
[17:57:18] Build: 25 September 2009
[17:57:18] Virus known: 8602
===============================================================================

===============================================================================

[17:58:12] SigmaAV: 
[17:58:12] Main DB : v0.10
[17:58:12] Build: 25 September 2009
[17:58:12] Virus known: 8602
===============================================================================

===============================================================================
===============================================================================

[17:59:18] SigmaAV: 
[17:59:18] Main DB : v0.10
[17:59:18] Build: 25 September 2009
[17:59:18] Virus known: 8602
===============================================================================

===============================================================================

[18:00:36] SigmaAV: 
[18:00:36] Main DB : v0.10
[18:00:36] Build: 25 September 2009
[18:00:36] Virus known: 8602
===============================================================================

===============================================================================
===============================================================================
===============================================================================
===============================================================================
===============================================================================

[18:03:12] SigmaAV: 
[18:03:12] Main DB : v0.10
[18:03:12] Build: 25 September 2009
[18:03:12] Virus known: 8602
===============================================================================

===============================================================================

[18:03:40] SigmaAV: 
[18:03:40] Main DB : v0.10
[18:03:40] Build: 25 September 2009
[18:03:40] Virus known: 8602
===============================================================================

===============================================================================

[18:04:11] SigmaAV: 
[18:04:11] Main DB : v0.10
[18:04:11] Build: 25 September 2009
[18:04:11] Virus known: 8602
===============================================================================

===============================================================================

[18:05:17] SigmaAV: 
[18:05:17] Main DB : v0.10
[18:05:17] Build: 25 September 2009
[18:05:17] Virus known: 8602
===============================================================================

===============================================================================
===============================================================================

[18:05:48] SigmaAV: 
[18:05:48] Main DB : v0.10
[18:05:48] Build: 25 September 2009
[18:05:48] Virus known: 8602
===============================================================================

===============================================================================

[18:07:37] SigmaAV: 
[18:07:37] Main DB : v0.10
[18:07:37] Build: 25 September 2009
[18:07:37] Virus known: 8602
===============================================================================

===============================================================================

[18:09:31] SigmaAV: 
[18:09:31] Main DB : v0.10
[18:09:31] Build: 25 September 2009
[18:09:31] Virus known: 8602
===============================================================================

===============================================================================
===============================================================================

[18:11:57] SigmaAV: 
[18:11:57] Main DB : v0.10
[18:11:57] Build: 25 September 2009
[18:11:57] Virus known: 8602
===============================================================================

===============================================================================

[18:13:42] SigmaAV: 
[18:13:42] Main DB : v0.10
[18:13:42] Build: 25 September 2009
[18:13:42] Virus known: 8602
===============================================================================

===============================================================================

[18:14:18] SigmaAV: 
[18:14:18] Main DB : v0.10
[18:14:18] Build: 25 September 2009
[18:14:18] Virus known: 8602
===============================================================================

===============================================================================

[18:15:16] SigmaAV: 
[18:15:16] Main DB : v0.10
[18:15:16] Build: 25 September 2009
[18:15:16] Virus known: 8602
===============================================================================

===============================================================================

[18:17:22] SigmaAV: 
[18:17:22] Main DB : v0.10
[18:17:22] Build: 25 September 2009
[18:17:22] Virus known: 8602
===============================================================================

===============================================================================
===============================================================================

[18:20:14] SigmaAV: 
[18:20:14] Main DB : v0.10
[18:20:14] Build: 25 September 2009
[18:20:14] Virus known: 8602
===============================================================================

===============================================================================

[18:21:00] SigmaAV: 
[18:21:00] Main DB : v0.10
[18:21:00] Build: 25 September 2009
[18:21:00] Virus known: 8602
===============================================================================

===============================================================================
===============================================================================
===============================================================================
===============================================================================

[18:22:03] SigmaAV: 
[18:22:03] Main DB : v0.10
[18:22:03] Build: 25 September 2009
[18:22:03] Virus known: 8602
===============================================================================


[18:23:25] SigmaAV: 
[18:23:25] Main DB : v0.10
[18:23:25] Build: 25 September 2009
[18:23:25] Virus known: 8602
===============================================================================

===============================================================================
===============================================================================
===============================================================================

[18:30:05] SigmaAV: 
[18:30:05] Main DB : v0.10
[18:30:05] Build: 25 September 2009
[18:30:05] Virus known: 8602
===============================================================================

===============================================================================

[18:30:52] SigmaAV: 
[18:30:52] Main DB : v0.10
[18:30:52] Build: 25 September 2009
[18:30:52] Virus known: 8602
===============================================================================

===============================================================================

[18:36:22] SigmaAV: 
[18:36:22] Main DB : v0.10
[18:36:22] Build: 25 September 2009
[18:36:22] Virus known: 8602
===============================================================================


[18:36:56] SigmaAV: 
[18:36:56] Main DB : v0.10
[18:36:56] Build: 25 September 2009
[18:36:56] Virus known: 8602
===============================================================================

===============================================================================
===============================================================================

[18:39:13] SigmaAV: 
[18:39:13] Main DB : v0.10
[18:39:13] Build: 25 September 2009
[18:39:13] Virus known: 8602
===============================================================================

===============================================================================

[18:42:01] SigmaAV: 
[18:42:01] Main DB : v0.10
[18:42:01] Build: 25 September 2009
[18:42:01] Virus known: 8602
===============================================================================

===============================================================================
===============================================================================
[19:24:00]  Init Environment...
[19:24:00] Initializing procedures
[19:24:00] Loading options...
[19:24:00] Loading Drive List...
[19:24:00] Loading Database...
[19:24:00] Loading API...

[19:24:00] SigmaAV: 
[19:24:00] Main DB : v0.10
[19:24:00] Build: 24 April 2009
[19:24:00] Virus known: 8610
===============================================================================

[19:24:21]  Start scan
[19:24:21]  Object scanned: C:\WINDOWS\
 >> SCANNING >> C:\WINDOWS\$hf_mig$\KB948881\spmsg.dll
 >> SCANNING >> C:\WINDOWS\$hf_mig$\KB948881\spuninst.exe
 >> SCANNING >> C:\WINDOWS\$hf_mig$\KB948881\update\AttackReport.log
 >> SCANNING >> C:\WINDOWS\$hf_mig$\KB948881\update\branches.inf
 >> SCANNING >> C:\WINDOWS\$hf_mig$\KB948881\update\eula.txt
 >> SCANNING >> C:\WINDOWS\$hf_mig$\KB948881\update\KB948881.CAT
 >> SCANNING >> C:\WINDOWS\$hf_mig$\KB948881\update\spcustom.dll
[19:24:44]  Complete scan
[19:24:44]  File scanned: 7
[19:24:44]  Ignore files: 0
[19:24:44]  Infected: 0
===============================================================================
[19:24:49]  Start scan
[19:24:49]  Object scanned: D:\Antivir\Other\1 Oktober 2009\
[19:24:53]  Complete scan
[19:24:53]  File scanned: 0
[19:24:53]  Ignore files: 0
[19:24:53]  Infected: 0
===============================================================================
[19:24:55]  Start scan
[19:24:55]  Object scanned: D:\Antivir\Other\
[19:24:55]  >> FAILED >> D:\Antivir\Other\1 Oktober 2009\notepad.exe
 >> SCANNING >> D:\Antivir\Other\1 Oktober 2009\qkkn.pif
 >> SCANNING >> D:\Antivir\Other\1 Oktober 2009\yihii.cmd.vir
[19:25:05]  >>infected - W32/Hakagen >> D:\Antivir\Other\15 September 2009\Alnect brochure.exe
 >> SCANNING >> D:\Antivir\Other\15 September 2009\AttackReport.log
 >> SCANNING >> D:\Antivir\Other\15 September 2009\FreeRAM XP Pro.exe
[19:25:30]  >>infected - W32/Doomsday.2012 >> D:\Antivir\Other\15 September 2009\New Flder
[19:25:36]  >>infected - W32/Hakagen >> D:\Antivir\Other\15 September 2009\New Flder.exe
 >> SCANNING >> D:\Antivir\Other\15 September 2009\New Folder (1).rar
 >> SCANNING >> D:\Antivir\Other\15 September 2009\sop cast.exe
[19:26:07]  Complete scan
[19:26:07]  File scanned: 10
[19:26:07]  Ignore files: 1
[19:26:07]  Infected: 3
===============================================================================
[19:26:11]  Start scan
[19:26:11]  Object scanned: D:\Antivir\Other\
[19:26:11]  >> FAILED >> D:\Antivir\Other\1 Oktober 2009\notepad.exe
[19:26:13]  Complete scan
[19:26:13]  File scanned: 1
[19:26:13]  Ignore files: 1
[19:26:13]  Infected: 0
===============================================================================
===============================================================================
[18:30:52]  Init Environment...
[18:30:52] Initializing procedures
[18:30:52] Loading options...
[18:30:52] Loading Drive List...
[18:30:52] Loading Database...
[18:30:52] Loading API...

[18:30:52] SigmaAV: 
[18:30:52] Main DB : v0.10
[18:30:52] Build: 4 Juni 2009
[18:30:52] Virus known: 8686
===============================================================================

[18:31:59]  Start scan
[18:31:59]  Object scanned: E:\
 >> SCANNING >> E:\AdriPSX\adripsx\AdriGUI.dll
 >> SCANNING >> E:\AdriPSX\adripsx\AdriHelp.chm
 >> SCANNING >> E:\AdriPSX\adripsx\AdriILE.exe
 >> SCANNING >> E:\AdriPSX\adripsx\AdriPSX.ini
 >> SCANNING >> E:\AdriPSX\adripsx\AdriRUN.exe
 >> SCANNING >> E:\AdriPSX\adripsx\Ansav.exe
 >> SCANNING >> E:\AdriPSX\adripsx\AttackReport.log
 >> SCANNING >> E:\AdriPSX\adripsx\bios\erase.me
 >> SCANNING >> E:\AdriPSX\adripsx\docs\Languages.txt
 >> SCANNING >> E:\AdriPSX\adripsx\docs\ReadMe.txt
 >> SCANNING >> E:\AdriPSX\adripsx\English.len
 >> SCANNING >> E:\AdriPSX\adripsx\error.log
 >> SCANNING >> E:\AdriPSX\adripsx\French.len
 >> SCANNING >> E:\AdriPSX\adripsx\German.len
 >> SCANNING >> E:\AdriPSX\adripsx\Indonesian.len
 >> SCANNING >> E:\AdriPSX\adripsx\IndonesianGL.len
 >> SCANNING >> E:\AdriPSX\adripsx\Italian.len
 >> SCANNING >> E:\AdriPSX\adripsx\log.txt
 >> SCANNING >> E:\AdriPSX\adripsx\Malay.len
 >> SCANNING >> E:\AdriPSX\adripsx\mems\dummy.mem
 >> SCANNING >> E:\AdriPSX\adripsx\plugins\cdrSaPu.dll
 >> SCANNING >> E:\AdriPSX\adripsx\plugins\DYNAREC.BMP
 >> SCANNING >> E:\AdriPSX\adripsx\plugins\gpuPeopsSoft.dll
 >> SCANNING >> E:\AdriPSX\adripsx\plugins\gpuPeteD3D.dll
 >> SCANNING >> E:\AdriPSX\adripsx\plugins\gpuPeteOpenGL.dll
 >> SCANNING >> E:\AdriPSX\adripsx\plugins\INTERP.BMP
 >> SCANNING >> E:\AdriPSX\adripsx\plugins\LOADED.BMP
 >> SCANNING >> E:\AdriPSX\adripsx\plugins\padTsgKnP.dll
 >> SCANNING >> E:\AdriPSX\adripsx\plugins\SAVED.BMP
 >> SCANNING >> E:\AdriPSX\adripsx\plugins\spuNull.dll
 >> SCANNING >> E:\AdriPSX\adripsx\plugins\spuPeteDSound.dll
 >> SCANNING >> E:\AdriPSX\adripsx\plugins\sts.ico
 >> SCANNING >> E:\AdriPSX\adripsx\plugins\Thumbs.db
 >> SCANNING >> E:\AdriPSX\adripsx\PortugueseBZL.len
 >> SCANNING >> E:\AdriPSX\adripsx\Serbian.len
 >> SCANNING >> E:\AdriPSX\adripsx\Spanish.len
 >> SCANNING >> E:\AdriPSX\adripsx\Swedish.len
 >> SCANNING >> E:\ANTV-MD5.zip
 >> SCANNING >> E:\d'mystk\lvl1.fpm
 >> SCANNING >> E:\disble.reg
 >> SCANNING >> E:\Downloads\( UploadTech.com ) Windows_XP_CD_Key_and_Product_ID_Changer.zip
 >> SCANNING >> E:\Downloads\03_MATERI-UTAMA.pdf
 >> SCANNING >> E:\Downloads\11_232461_06fe4_pxdxa.Gameloft.Driver.LA.Undercover.v1.0.3.MOTOROLA.Vxxx.J2ME.RETAiL-CRDPDA.rar
 >> SCANNING >> E:\Downloads\11_29186_7a65c_pxdxa.SmartMovie.v3.13.rar
 >> SCANNING >> E:\Downloads\11_97153_c236e_pxdxa.SmartMovie.v3.25.S60.SymbianOS.Cracked-BiNPDA.sis
 >> SCANNING >> E:\Downloads\12_VBSdoc_1239062431.zip
 >> SCANNING >> E:\Downloads\13_sality_1241586972.zip
 >> SCANNING >> E:\Downloads\151_275578_3c714_pxdxa.EA.Mobile.Medal.Of.Honor.Airborne.2D.S60v2.SymbianOS7.J2ME.BY.REBENOJ.rar
 >> SCANNING >> E:\Downloads\151_275578_b13ed_pxdxa.Lonely.Cat.Games.LCG.Jukebox.v2.30.S60.SymbianOS.By.TheOne.rar
 >> SCANNING >> E:\Downloads\151_275578_edd58_pxdxa.Gameloft.Might.And.Magic.S60v2.N70.J2ME.rar
 >> SCANNING >> E:\Downloads\151_453064_311d2_pxdxa.Doi_giao_dien_Iphone.rar
 >> SCANNING >> E:\Downloads\151_92771_0c2a1_pxdxa.Simworks-AnitiVirus-1.17-TRiPLE-S_ok.sis
 >> SCANNING >> E:\Downloads\151_92771_b7053_pxdxa.SmartMovie.v3.40.S60.SymbianOS.Cracked-BiNPDA.sis
 >> SCANNING >> E:\Downloads\4acf84_pxdxa.SmartMovieConverter.rar
 >> SCANNING >> E:\Downloads\4u.rar
 >> SCANNING >> E:\Downloads\4_jammou_1232381894.zip
 >> SCANNING >> E:\Downloads\5_gav_1230356823.zip
 >> SCANNING >> E:\Downloads\5_Prc_1230540743.zip
 >> SCANNING >> E:\Downloads\addams family.rar
 >> SCANNING >> E:\Downloads\afone.zip
 >> SCANNING >> E:\Downloads\AID_Antivirus_Module.rar
 >> SCANNING >> E:\Downloads\AiD_Scanner.rar
 >> SCANNING >> E:\Downloads\AliAv.zip
 >> SCANNING >> E:\Downloads\anacreonsource131.zip
 >> SCANNING >> E:\Downloads\antisothink.zip
 >> SCANNING >> E:\Downloads\aow_n208.jar
 >> SCANNING >> E:\Downloads\apup30d4.zip
 >> SCANNING >> E:\Downloads\Archives\151_275578_4f085_pxdxa.EA.Mobile.Cooking.Mama.v1.0.21.Eng.S60v1.J2ME.rar
 >> SCANNING >> E:\Downloads\Archives\151_275578_98407_pxdxa.Talkonaut.v4.10.93.S60v2.rar
 >> SCANNING >> E:\Downloads\Archives\3DMotoracer.zip
 >> SCANNING >> E:\Downloads\Archives\5_xj9-mp3-pl_1248187345.zip
 >> SCANNING >> E:\Downloads\Archives\AbstractEncryption.zip
 >> SCANNING >> E:\Downloads\Archives\accounts-Generator.zip
 >> SCANNING >> E:\Downloads\Archives\ape_bumb.zip
 >> SCANNING >> E:\Downloads\Archives\avigen_ultimate_source.rar
 >> SCANNING >> E:\Downloads\Archives\CallMan.zip
 >> SCANNING >> E:\Downloads\Archives\cmaster.zip
 >> SCANNING >> E:\Downloads\Archives\cryptowithconsole.zip
 >> SCANNING >> E:\Downloads\Archives\dd-vinfo.zip
 >> SCANNING >> E:\Downloads\Archives\download
 >> SCANNING >> E:\Downloads\Archives\download.IDAf
 >> SCANNING >> E:\Downloads\Archives\e830dc0b5e4f5bb72bec241d1912d4f5.rar
 >> SCANNING >> E:\Downloads\Archives\EdBAmGoDB39withCRACK.rar
 >> SCANNING >> E:\Downloads\Archives\elfbinutils2112.zip
[18:36:12]  Complete scan
[18:36:12]  File scanned: 84
[18:36:12]  Ignore files: 0
[18:36:12]  Infected: 0
===============================================================================
[18:36:23]  Start scan
[18:36:23]  Object scanned: D:\
[18:36:23]  Scanning memory...
[18:36:29]  Complete scan
[18:36:29]  File scanned: 1
[18:36:29]  Ignore files: 0
[18:36:29]  Infected: 0
===============================================================================
===============================================================================
[22:13:02]  Init Environment...
[22:13:02] Initializing procedures
[22:13:02] Loading options...
[22:13:02] Loading Drive List...
[22:13:02] Loading Database...
[22:13:02] Loading API...

[22:13:02] SigmaAV: 
[22:13:02] Main DB : v0.10
[22:13:02] Build: 4 Juni 2009
[22:13:02] Virus known: 8686
===============================================================================

===============================================================================
[15:17:06]  Init Environment...
[15:17:06] Initializing procedures
[15:17:06] Loading options...
[15:17:06] Loading Drive List...
[15:17:06] Loading Database...
[15:17:06] Loading API...

[15:17:06] SigmaAV: 
[15:17:06] Main DB : v0.10
[15:17:06] Build: 4 Juni 2009
[15:17:06] Virus known: 8686
===============================================================================

